[1225/153819:WARNING:resource_bundle.cc(304)] locale_file_path.empty()
[1225/153819:ERROR:main_delegate.cc(564)] Could not load locale pak for en-US
[1225/153819:ERROR:main_delegate.cc(571)] Could not load cef.pak
[1225/153819:ERROR:main_delegate.cc(588)] Could not load cef_100_percent.pak
[1225/153819:WARNING:resource_bundle.cc(497)] locale resources are not loaded
[1225/153819:WARNING:resource_bundle.cc(304)] locale_file_path.empty()
[1225/153819:ERROR:main_delegate.cc(564)] Could not load locale pak for en-US
[1225/153819:ERROR:main_delegate.cc(571)] Could not load cef.pak
[1225/153819:ERROR:main_delegate.cc(588)] Could not load cef_100_percent.pak
[1225/153819:WARNING:resource_bundle.cc(497)] locale resources are not loaded
[1225/153821:WARNING:resource_bundle.cc(304)] locale_file_path.empty()
[1225/153821:ERROR:main_delegate.cc(564)] Could not load locale pak for en-US
[1225/153821:ERROR:main_delegate.cc(571)] Could not load cef.pak
[1225/153821:ERROR:main_delegate.cc(588)] Could not load cef_100_percent.pak
[1225/153821:WARNING:resource_bundle.cc(304)] locale_file_path.empty()
[1225/153821:ERROR:main_delegate.cc(564)] Could not load locale pak for en-US
[1225/153821:ERROR:main_delegate.cc(571)] Could not load cef.pak
[1225/153821:ERROR:main_delegate.cc(588)] Could not load cef_100_percent.pak
[1225/153835:WARNING:resource_bundle.cc(304)] locale_file_path.empty()
[1225/153835:ERROR:main_delegate.cc(564)] Could not load locale pak for en-US
[1225/153835:ERROR:main_delegate.cc(571)] Could not load cef.pak
[1225/153835:ERROR:main_delegate.cc(588)] Could not load cef_100_percent.pak
[1225/153835:ERROR:renderer_main.cc(207)] Running without renderer sandbox
[1225/153955:WARNING:resource_bundle.cc(304)] locale_file_path.empty()
[1225/153955:ERROR:main_delegate.cc(564)] Could not load locale pak for en-US
[1225/153955:ERROR:main_delegate.cc(571)] Could not load cef.pak
[1225/153955:ERROR:main_delegate.cc(588)] Could not load cef_100_percent.pak
[1225/153955:ERROR:renderer_main.cc(207)] Running without renderer sandbox
